<?xml version="1.0" encoding="UTF-8"?>
<!-- Generated by org.testng.reporters.JUnitReportReporter -->
<testsuite hostname="Lokesh-PC" name="Jimplmt123.Jimplmt123.AppTest" tests="1" failures="0" timestamp="1 Jun 2021 16:58:41 GMT" time="16.095" errors="0">
  <testcase name="shouldAnswerWithTrue" time="16.095" classname="Jimplmt123.Jimplmt123.AppTest"/>
</testsuite> <!-- Jimplmt123.Jimplmt123.AppTest -->
