<?xml version="1.0" encoding="UTF-8"?>
<!-- Generated by org.testng.reporters.JUnitReportReporter -->
<testsuite hostname="Lokesh-PC" name="Jimplmt123.Jimplmt123.AppTest" tests="1" failures="0" timestamp="17 May 2021 04:26:34 GMT" time="0.031" errors="0">
  <testcase name="shouldAnswerWithTrue" time="0.031" classname="Jimplmt123.Jimplmt123.AppTest"/>
</testsuite> <!-- Jimplmt123.Jimplmt123.AppTest -->
